<?xml version="1.0" encoding="UTF-8"?>
<testng-results skipped="0" failed="0" total="1" passed="1">
  <reporter-output>
  </reporter-output>
  <suite name="Default suite" duration-ms="24004" started-at="2015-08-07T02:25:16Z" finished-at="2015-08-07T02:25:40Z">
    <groups>
    </groups>
    <test name="Default test" duration-ms="24004" started-at="2015-08-07T02:25:16Z" finished-at="2015-08-07T02:25:40Z">
      <class name="sample.Dropdown_Count">
        <test-method status="PASS" signature="beforeClass()[pri:0, instance:sample.Dropdown_Count@185d3cc]" name="beforeClass" is-config="true" duration-ms="8789" started-at="2015-08-07T07:55:16Z" finished-at="2015-08-07T07:55:25Z">
          <reporter-output>
          </reporter-output>
        </test-method> <!-- beforeClass -->
        <test-method status="PASS" signature="testFirefox_test()[pri:0, instance:sample.Dropdown_Count@185d3cc]" name="testFirefox_test" duration-ms="12916" started-at="2015-08-07T07:55:25Z" finished-at="2015-08-07T07:55:38Z">
          <reporter-output>
          </reporter-output>
        </test-method> <!-- testFirefox_test -->
        <test-method status="PASS" signature="afterClass()[pri:0, instance:sample.Dropdown_Count@185d3cc]" name="afterClass" is-config="true" duration-ms="2244" started-at="2015-08-07T07:55:38Z" finished-at="2015-08-07T07:55:40Z">
          <reporter-output>
          </reporter-output>
        </test-method> <!-- afterClass -->
      </class> <!-- sample.Dropdown_Count -->
    </test> <!-- Default test -->
  </suite> <!-- Default suite -->
</testng-results>
